535 reads; of these:
  535 (100.00%) were unpaired; of these:
    60 (11.21%) aligned 0 times
    475 (88.79%) aligned exactly 1 time
    0 (0.00%) aligned >1 times
88.79% overall alignment rate
535 reads; of these:
  535 (100.00%) were unpaired; of these:
    77 (14.39%) aligned 0 times
    458 (85.61%) aligned exactly 1 time
    0 (0.00%) aligned >1 times
85.61% overall alignment rate
535 reads; of these:
  535 (100.00%) were unpaired; of these:
    66 (12.34%) aligned 0 times
    469 (87.66%) aligned exactly 1 time
    0 (0.00%) aligned >1 times
87.66% overall alignment rate
535 reads; of these:
  535 (100.00%) were unpaired; of these:
    64 (11.96%) aligned 0 times
    471 (88.04%) aligned exactly 1 time
    0 (0.00%) aligned >1 times
88.04% overall alignment rate
535 reads; of these:
  535 (100.00%) were unpaired; of these:
    64 (11.96%) aligned 0 times
    471 (88.04%) aligned exactly 1 time
    0 (0.00%) aligned >1 times
88.04% overall alignment rate
535 reads; of these:
  535 (100.00%) were unpaired; of these:
    84 (15.70%) aligned 0 times
    451 (84.30%) aligned exactly 1 time
    0 (0.00%) aligned >1 times
84.30% overall alignment rate
535 reads; of these:
  535 (100.00%) were unpaired; of these:
    97 (18.13%) aligned 0 times
    438 (81.87%) aligned exactly 1 time
    0 (0.00%) aligned >1 times
81.87% overall alignment rate
535 reads; of these:
  535 (100.00%) were unpaired; of these:
    90 (16.82%) aligned 0 times
    445 (83.18%) aligned exactly 1 time
    0 (0.00%) aligned >1 times
83.18% overall alignment rate
535 reads; of these:
  535 (100.00%) were unpaired; of these:
    73 (13.64%) aligned 0 times
    462 (86.36%) aligned exactly 1 time
    0 (0.00%) aligned >1 times
86.36% overall alignment rate
535 reads; of these:
  535 (100.00%) were unpaired; of these:
    69 (12.90%) aligned 0 times
    466 (87.10%) aligned exactly 1 time
    0 (0.00%) aligned >1 times
87.10% overall alignment rate
535 reads; of these:
  535 (100.00%) were unpaired; of these:
    83 (15.51%) aligned 0 times
    452 (84.49%) aligned exactly 1 time
    0 (0.00%) aligned >1 times
84.49% overall alignment rate
535 reads; of these:
  535 (100.00%) were unpaired; of these:
    90 (16.82%) aligned 0 times
    445 (83.18%) aligned exactly 1 time
    0 (0.00%) aligned >1 times
83.18% overall alignment rate
535 reads; of these:
  535 (100.00%) were unpaired; of these:
    48 (8.97%) aligned 0 times
    487 (91.03%) aligned exactly 1 time
    0 (0.00%) aligned >1 times
91.03% overall alignment rate
